2025-11-16 18:17:56 - root - INFO - Logging initialized - Session: valuebet_20251116_181756
2025-11-16 18:17:56 - root - INFO - Main log: logs\valuebet_20251116_181756.log
2025-11-16 18:17:56 - root - INFO - Edge tracking log: logs\edge_tracking_20251116_181756.log
2025-11-16 18:17:56 - __main__ - INFO - ====================================================================================================
2025-11-16 18:17:56 - __main__ - INFO - VALUE BETTING SYSTEM - Production Version
2025-11-16 18:17:56 - __main__ - INFO - ====================================================================================================
2025-11-16 18:17:56 - __main__ - INFO - Scraping 11 leagues: eredivisie, keuken_kampioen_divisie, premier_league, championship, bundesliga, 2_bundesliga, la_liga, serie_a, ligue_1, jupiler_pro_league, primeira_liga
2025-11-16 18:17:56 - __main__ - INFO - Minimum edge threshold: 2.5%
2025-11-16 18:17:56 - __main__ - INFO - Bankroll: €1000.0
2025-11-16 18:17:56 - __main__ - INFO - 
📊 Starting data collection from providers...
2025-11-16 18:17:56 - scrapers.pinnacle - INFO - [Pinnacle] test_connection -> True
2025-11-16 18:17:56 - scrapers.pinnacle - INFO - [Pinnacle] Found 156 available leagues
2025-11-16 18:17:56 - scrapers.pinnacle - INFO - [Pinnacle] Matched 'eredivisie' to 'Netherlands - Eredivisie' (id=1928)
2025-11-16 18:17:56 - scrapers.pinnacle - INFO - [Pinnacle] Fetching league 'eredivisie' (id=1928)
2025-11-16 18:17:57 - scrapers.pinnacle - INFO - [Pinnacle] _fetch_league_matchups(1928) -> 9 items
2025-11-16 18:17:57 - scrapers.pinnacle - INFO - [Pinnacle] League 'eredivisie': requesting markets for 9 parents
2025-11-16 18:17:57 - scrapers.jacks - INFO - Jacks: Fetched 18 events for eredivisie
2025-11-16 18:17:57 - scrapers.jacks - INFO - Jacks: Fetched 10 events for keuken_kampioen_divisie
2025-11-16 18:17:57 - scrapers.jacks - INFO - Jacks: Fetched 20 events for premier_league
2025-11-16 18:17:57 - scrapers.pinnacle - INFO - [Pinnacle] League 'eredivisie': matchups=9, with_markets=9, emitted=0
2025-11-16 18:17:57 - scrapers.pinnacle - INFO - [Pinnacle] Found 156 available leagues
2025-11-16 18:17:57 - scrapers.pinnacle - INFO - [Pinnacle] Matched 'keuken_kampioen_divisie' to 'Netherlands - Eerste Divisie' (id=1929)
2025-11-16 18:17:57 - scrapers.pinnacle - INFO - [Pinnacle] Fetching league 'keuken_kampioen_divisie' (id=1929)
2025-11-16 18:17:57 - scrapers.pinnacle - INFO - [Pinnacle] _fetch_league_matchups(1929) -> 9 items
2025-11-16 18:17:57 - scrapers.pinnacle - INFO - [Pinnacle] League 'keuken_kampioen_divisie': requesting markets for 9 parents
2025-11-16 18:17:57 - scrapers.pinnacle - INFO - [Pinnacle] League 'keuken_kampioen_divisie': matchups=9, with_markets=9, emitted=0
2025-11-16 18:17:58 - scrapers.pinnacle - INFO - [Pinnacle] Found 156 available leagues
2025-11-16 18:17:58 - scrapers.pinnacle - INFO - [Pinnacle] Matched 'premier_league' to 'Egypt - Premier League' (id=9885)
2025-11-16 18:17:58 - scrapers.pinnacle - INFO - [Pinnacle] Fetching league 'premier_league' (id=9885)
2025-11-16 18:17:58 - scrapers.jacks - INFO - Jacks: Fetched 18 events for bundesliga
2025-11-16 18:17:58 - scrapers.pinnacle - INFO - [Pinnacle] _fetch_league_matchups(9885) -> 4 items
2025-11-16 18:17:58 - scrapers.pinnacle - INFO - [Pinnacle] League 'premier_league': requesting markets for 4 parents
2025-11-16 18:17:58 - scrapers.jacks - INFO - Jacks: Fetched 10 events for la_liga
2025-11-16 18:17:58 - scrapers.jacks - INFO - Jacks: Fetched 19 events for serie_a
2025-11-16 18:17:58 - scrapers.pinnacle - INFO - [Pinnacle] League 'premier_league': matchups=4, with_markets=4, emitted=0
2025-11-16 18:17:58 - scrapers.pinnacle - INFO - [Pinnacle] Found 156 available leagues
2025-11-16 18:17:58 - scrapers.pinnacle - INFO - [Pinnacle] Matched 'championship' to 'UEFA - U21 Euro Championship Qualifiers' (id=5982)
2025-11-16 18:17:58 - scrapers.pinnacle - INFO - [Pinnacle] Fetching league 'championship' (id=5982)
2025-11-16 18:17:58 - scrapers.jacks - INFO - Jacks: Fetched 18 events for ligue_1
2025-11-16 18:17:58 - scrapers.jacks - INFO - Jacks: Fetched 8 events for jupiler_pro_league
2025-11-16 18:17:58 - scrapers.pinnacle - INFO - [Pinnacle] _fetch_league_matchups(5982) -> 94 items
2025-11-16 18:17:58 - scrapers.pinnacle - INFO - [Pinnacle] League 'championship': requesting markets for 3 parents
2025-11-16 18:17:58 - scrapers.jacks - INFO - Jacks: Fetched 0 events for primeira_liga
2025-11-16 18:17:58 - scrapers.pinnacle - INFO - [Pinnacle] League 'championship': matchups=94, with_markets=3, emitted=2
2025-11-16 18:17:58 - scrapers.pinnacle - INFO - [Pinnacle] Found 156 available leagues
2025-11-16 18:17:58 - scrapers.pinnacle - INFO - [Pinnacle] Matched 'bundesliga' to 'Germany - Bundesliga 3' (id=1844)
2025-11-16 18:17:58 - scrapers.pinnacle - INFO - [Pinnacle] Fetching league 'bundesliga' (id=1844)
2025-11-16 18:17:58 - scrapers.pinnacle - INFO - [Pinnacle] _fetch_league_matchups(1844) -> 9 items
2025-11-16 18:17:58 - scrapers.pinnacle - INFO - [Pinnacle] League 'bundesliga': requesting markets for 9 parents
2025-11-16 18:17:58 - scrapers.pinnacle - INFO - [Pinnacle] League 'bundesliga': matchups=9, with_markets=9, emitted=0
2025-11-16 18:17:59 - scrapers.pinnacle - INFO - [Pinnacle] Found 156 available leagues
2025-11-16 18:17:59 - scrapers.pinnacle - WARNING - [Pinnacle] Could not find league ID for '2_bundesliga'
2025-11-16 18:17:59 - scrapers.pinnacle - WARNING - [Pinnacle] No Arcadia ID found for '2_bundesliga'
2025-11-16 18:17:59 - scrapers.pinnacle - INFO - [Pinnacle] Found 156 available leagues
2025-11-16 18:17:59 - scrapers.pinnacle - INFO - [Pinnacle] Matched 'la_liga' to 'Spain - La Liga' (id=2196)
2025-11-16 18:17:59 - scrapers.pinnacle - INFO - [Pinnacle] Fetching league 'la_liga' (id=2196)
2025-11-16 18:17:59 - scrapers.pinnacle - INFO - [Pinnacle] _fetch_league_matchups(2196) -> 157 items
2025-11-16 18:17:59 - scrapers.pinnacle - INFO - [Pinnacle] League 'la_liga': requesting markets for 21 parents
2025-11-16 18:17:59 - scrapers.pinnacle - INFO - [Pinnacle] League 'la_liga': matchups=157, with_markets=21, emitted=3
2025-11-16 18:17:59 - scrapers.pinnacle - INFO - [Pinnacle] Found 156 available leagues
2025-11-16 18:17:59 - scrapers.pinnacle - INFO - [Pinnacle] Matched 'serie_a' to 'Ecuador - Serie A' (id=5598)
2025-11-16 18:17:59 - scrapers.pinnacle - INFO - [Pinnacle] Fetching league 'serie_a' (id=5598)
2025-11-16 18:17:59 - scrapers.pinnacle - INFO - [Pinnacle] _fetch_league_matchups(5598) -> 5 items
2025-11-16 18:17:59 - scrapers.pinnacle - INFO - [Pinnacle] League 'serie_a': requesting markets for 5 parents
2025-11-16 18:17:59 - scrapers.pinnacle - INFO - [Pinnacle] League 'serie_a': matchups=5, with_markets=5, emitted=0
2025-11-16 18:17:59 - scrapers.pinnacle - INFO - [Pinnacle] Found 156 available leagues
2025-11-16 18:17:59 - scrapers.pinnacle - INFO - [Pinnacle] Matched 'ligue_1' to 'France - Ligue 1' (id=2036)
2025-11-16 18:17:59 - scrapers.pinnacle - INFO - [Pinnacle] Fetching league 'ligue_1' (id=2036)
2025-11-16 18:17:59 - scrapers.pinnacle - INFO - [Pinnacle] _fetch_league_matchups(2036) -> 65 items
2025-11-16 18:17:59 - scrapers.pinnacle - INFO - [Pinnacle] League 'ligue_1': requesting markets for 19 parents
2025-11-16 18:18:00 - scrapers.pinnacle - INFO - [Pinnacle] League 'ligue_1': matchups=65, with_markets=19, emitted=1
2025-11-16 18:18:00 - scrapers.pinnacle - INFO - [Pinnacle] Found 156 available leagues
2025-11-16 18:18:00 - scrapers.pinnacle - INFO - [Pinnacle] Matched 'jupiler_pro_league' to 'Belgium - Challenger Pro League' (id=1818)
2025-11-16 18:18:00 - scrapers.pinnacle - INFO - [Pinnacle] Fetching league 'jupiler_pro_league' (id=1818)
2025-11-16 18:18:00 - scrapers.pinnacle - INFO - [Pinnacle] _fetch_league_matchups(1818) -> 8 items
2025-11-16 18:18:00 - scrapers.pinnacle - INFO - [Pinnacle] League 'jupiler_pro_league': requesting markets for 8 parents
2025-11-16 18:18:00 - scrapers.pinnacle - INFO - [Pinnacle] League 'jupiler_pro_league': matchups=8, with_markets=8, emitted=0
2025-11-16 18:18:00 - scrapers.pinnacle - INFO - [Pinnacle] Found 156 available leagues
2025-11-16 18:18:00 - scrapers.pinnacle - INFO - [Pinnacle] Matched 'primeira_liga' to 'Portugal - Primeira Liga' (id=2386)
2025-11-16 18:18:00 - scrapers.pinnacle - INFO - [Pinnacle] Fetching league 'primeira_liga' (id=2386)
2025-11-16 18:18:00 - scrapers.pinnacle - INFO - [Pinnacle] _fetch_league_matchups(2386) -> 8 items
2025-11-16 18:18:00 - scrapers.pinnacle - INFO - [Pinnacle] League 'primeira_liga': requesting markets for 8 parents
2025-11-16 18:18:01 - scrapers.pinnacle - INFO - [Pinnacle] League 'primeira_liga': matchups=8, with_markets=8, emitted=0
2025-11-16 18:18:03 - scrapers.toto - INFO - TOTO: Fetched 18 events for eredivisie
2025-11-16 18:18:06 - scrapers.toto - INFO - TOTO: Fetched 9 events for keuken_kampioen_divisie
2025-11-16 18:18:16 - scrapers.toto - INFO - TOTO: Fetched 25 events for premier_league
2025-11-16 18:18:28 - scrapers.toto - INFO - TOTO: Fetched 44 events for 2_bundesliga
2025-11-16 18:18:29 - scrapers.toto - INFO - TOTO: Fetched 0 events for jupiler_pro_league
2025-11-16 18:18:39 - scrapers.toto - INFO - TOTO: Fetched 36 events for primeira_liga
2025-11-16 18:18:39 - __main__ - INFO - 
💾 Saving raw data...
2025-11-16 18:18:39 - __main__ - INFO - 
====================================================================================================
2025-11-16 18:18:39 - __main__ - INFO - DATA COLLECTION SUMMARY
2025-11-16 18:18:39 - __main__ - INFO - ====================================================================================================
2025-11-16 18:18:39 - __main__ - INFO - Pinnacle: 6 events
2025-11-16 18:18:39 - __main__ - INFO - Jack's:   121 events
2025-11-16 18:18:39 - __main__ - INFO - TOTO:     132 events
2025-11-16 18:18:39 - __main__ - INFO - Duration: 43.6 seconds
2025-11-16 18:18:39 - __main__ - INFO - 
💰 Analyzing value opportunities...
2025-11-16 18:18:39 - matching.event_matcher - INFO - Matched 4 events between providers
2025-11-16 18:18:39 - analysis.value_analyzer - INFO - Found 4 matches for jacks
2025-11-16 18:18:39 - matching.event_matcher - INFO - Matched 0 events between providers
2025-11-16 18:18:39 - analysis.value_analyzer - INFO - Found 0 matches for toto
2025-11-16 18:18:39 - analysis.value_analyzer - INFO - Found 4 value bets above 2.5% edge threshold
2025-11-16 18:18:39 - __main__ - INFO - 
✅ Found 4 value bets above 2.5% edge
2025-11-16 18:18:39 - __main__ - INFO - 
====================================================================================================
2025-11-16 18:18:39 - __main__ - INFO - PORTFOLIO STATISTICS
2025-11-16 18:18:39 - __main__ - INFO - ====================================================================================================
2025-11-16 18:18:39 - __main__ - INFO - Total Opportunities: 4
2025-11-16 18:18:39 - __main__ - INFO - Average Edge: 53.17%
2025-11-16 18:18:39 - __main__ - INFO - Total Recommended Stake: €195.75
2025-11-16 18:18:39 - __main__ - INFO - Total Expected Value: €103.30
2025-11-16 18:18:39 - __main__ - INFO - Expected ROI: 52.77%
2025-11-16 18:18:39 - __main__ - INFO - 
====================================================================================================
2025-11-16 18:18:39 - __main__ - INFO - 📁 Output saved to:
2025-11-16 18:18:39 - __main__ - INFO -    C:\Users\ilija\OneDrive\Bureaublad\Arbi\VB_V2\output/
2025-11-16 18:18:39 - __main__ - INFO -    - pinnacle.json (raw data)
2025-11-16 18:18:39 - __main__ - INFO -    - jacks.json (raw data)
2025-11-16 18:18:39 - __main__ - INFO -    - toto.json (raw data)
2025-11-16 18:18:39 - __main__ - INFO -    - value_bets.json (analysis results)
2025-11-16 18:18:39 - __main__ - INFO -    - value_bets.csv (Excel-ready)
2025-11-16 18:18:39 - __main__ - INFO - 
📊 Logs saved to:
2025-11-16 18:18:39 - __main__ - INFO -    C:\Users\ilija\OneDrive\Bureaublad\Arbi\VB_V2\logs/
2025-11-16 18:18:39 - __main__ - INFO -    - valuebet_20251116_181756.log (main log)
2025-11-16 18:18:39 - __main__ - INFO -    - edge_tracking_20251116_181756.log (edge analysis)
2025-11-16 18:18:39 - __main__ - INFO -    - performance_20251116_181756.log (performance metrics)
2025-11-16 18:18:39 - __main__ - INFO - ====================================================================================================
2025-11-16 18:18:39 - __main__ - INFO - 
⏱️  Total runtime: 43.7 seconds
