2025-11-16 18:25:47 - root - INFO - Logging initialized - Session: valuebet_20251116_182547
2025-11-16 18:25:47 - root - INFO - Main log: logs\valuebet_20251116_182547.log
2025-11-16 18:25:47 - root - INFO - Edge tracking log: logs\edge_tracking_20251116_182547.log
2025-11-16 18:25:47 - __main__ - INFO - ====================================================================================================
2025-11-16 18:25:47 - __main__ - INFO - VALUE BETTING SYSTEM - Production Version
2025-11-16 18:25:47 - __main__ - INFO - ====================================================================================================
2025-11-16 18:25:47 - __main__ - INFO - Scraping 11 leagues: eredivisie, keuken_kampioen_divisie, premier_league, championship, bundesliga, 2_bundesliga, la_liga, serie_a, ligue_1, jupiler_pro_league, primeira_liga
2025-11-16 18:25:47 - __main__ - INFO - Minimum edge threshold: 2.5%
2025-11-16 18:25:47 - __main__ - INFO - Bankroll: €1000.0
2025-11-16 18:25:47 - __main__ - INFO - 
📊 Starting data collection from providers...
2025-11-16 18:25:48 - scrapers.pinnacle - INFO - [Pinnacle] test_connection -> True
2025-11-16 18:25:48 - scrapers.pinnacle - INFO - [Pinnacle] Found 2652 total leagues (all=true)
2025-11-16 18:25:48 - scrapers.pinnacle - INFO - [Pinnacle] Matched 'eredivisie' to 'Netherlands - Eredivisie Corners' (id=6312)
2025-11-16 18:25:48 - scrapers.pinnacle - INFO - [Pinnacle] Fetching league 'eredivisie' (id=6312)
2025-11-16 18:25:48 - scrapers.pinnacle - INFO - [Pinnacle] No matchups for league 'eredivisie' (id=6312)
2025-11-16 18:25:48 - scrapers.pinnacle - INFO - [Pinnacle] Matched 'keuken_kampioen_divisie' to 'Netherlands - Eerste Divisie Corners' (id=6713)
2025-11-16 18:25:48 - scrapers.pinnacle - INFO - [Pinnacle] Fetching league 'keuken_kampioen_divisie' (id=6713)
2025-11-16 18:25:48 - scrapers.jacks - INFO - Jacks: Fetched 18 events for eredivisie
2025-11-16 18:25:48 - scrapers.pinnacle - INFO - [Pinnacle] No matchups for league 'keuken_kampioen_divisie' (id=6713)
2025-11-16 18:25:48 - scrapers.pinnacle - INFO - [Pinnacle] Matched 'premier_league' to 'England - Northern Premier League' (id=11693)
2025-11-16 18:25:48 - scrapers.pinnacle - INFO - [Pinnacle] Fetching league 'premier_league' (id=11693)
2025-11-16 18:25:48 - scrapers.jacks - INFO - Jacks: Fetched 10 events for keuken_kampioen_divisie
2025-11-16 18:25:48 - scrapers.pinnacle - INFO - [Pinnacle] No matchups for league 'premier_league' (id=11693)
2025-11-16 18:25:48 - scrapers.pinnacle - INFO - [Pinnacle] Matched 'championship' to 'ASEAN - Championship Women' (id=149046)
2025-11-16 18:25:48 - scrapers.pinnacle - INFO - [Pinnacle] Fetching league 'championship' (id=149046)
2025-11-16 18:25:48 - scrapers.jacks - INFO - Jacks: Fetched 20 events for premier_league
2025-11-16 18:25:48 - scrapers.pinnacle - INFO - [Pinnacle] No matchups for league 'championship' (id=149046)
2025-11-16 18:25:48 - scrapers.pinnacle - INFO - [Pinnacle] Matched 'bundesliga' to 'Germany - Bundesliga 2 Bookings' (id=209023)
2025-11-16 18:25:48 - scrapers.pinnacle - INFO - [Pinnacle] Fetching league 'bundesliga' (id=209023)
2025-11-16 18:25:49 - scrapers.jacks - INFO - Jacks: Fetched 18 events for bundesliga
2025-11-16 18:25:49 - scrapers.pinnacle - INFO - [Pinnacle] No matchups for league 'bundesliga' (id=209023)
2025-11-16 18:25:49 - scrapers.pinnacle - WARNING - [Pinnacle] Could not find league ID for '2_bundesliga'. Available leagues logged below.
2025-11-16 18:25:49 - scrapers.pinnacle - WARNING - [Pinnacle] No Arcadia ID found for '2_bundesliga'
2025-11-16 18:25:49 - scrapers.pinnacle - INFO - [Pinnacle] Matched 'la_liga' to 'Argentina - Copa de la Liga Profesional' (id=221046)
2025-11-16 18:25:49 - scrapers.pinnacle - INFO - [Pinnacle] Fetching league 'la_liga' (id=221046)
2025-11-16 18:25:49 - scrapers.pinnacle - INFO - [Pinnacle] No matchups for league 'la_liga' (id=221046)
2025-11-16 18:25:49 - scrapers.pinnacle - INFO - [Pinnacle] Matched 'serie_a' to 'Italy - Serie A Corners' (id=5488)
2025-11-16 18:25:49 - scrapers.pinnacle - INFO - [Pinnacle] Fetching league 'serie_a' (id=5488)
2025-11-16 18:25:49 - scrapers.jacks - INFO - Jacks: Fetched 10 events for la_liga
2025-11-16 18:25:49 - scrapers.jacks - INFO - Jacks: Fetched 19 events for serie_a
2025-11-16 18:25:49 - scrapers.pinnacle - INFO - [Pinnacle] No matchups for league 'serie_a' (id=5488)
2025-11-16 18:25:49 - scrapers.pinnacle - INFO - [Pinnacle] Matched 'ligue_1' to 'Congo DR - Ligue 1' (id=211034)
2025-11-16 18:25:49 - scrapers.pinnacle - INFO - [Pinnacle] Fetching league 'ligue_1' (id=211034)
2025-11-16 18:25:49 - scrapers.jacks - INFO - Jacks: Fetched 18 events for ligue_1
2025-11-16 18:25:49 - scrapers.pinnacle - INFO - [Pinnacle] No matchups for league 'ligue_1' (id=211034)
2025-11-16 18:25:49 - scrapers.pinnacle - INFO - [Pinnacle] Matched 'jupiler_pro_league' to 'USA - MLS Next Pro League' (id=219120)
2025-11-16 18:25:49 - scrapers.pinnacle - INFO - [Pinnacle] Fetching league 'jupiler_pro_league' (id=219120)
2025-11-16 18:25:49 - scrapers.jacks - INFO - Jacks: Fetched 8 events for jupiler_pro_league
2025-11-16 18:25:49 - scrapers.pinnacle - INFO - [Pinnacle] No matchups for league 'jupiler_pro_league' (id=219120)
2025-11-16 18:25:49 - scrapers.pinnacle - INFO - [Pinnacle] Matched 'primeira_liga' to 'Portugal - Primeira Liga' (id=2386)
2025-11-16 18:25:49 - scrapers.pinnacle - INFO - [Pinnacle] Fetching league 'primeira_liga' (id=2386)
2025-11-16 18:25:49 - scrapers.jacks - INFO - Jacks: Fetched 0 events for primeira_liga
2025-11-16 18:25:49 - scrapers.pinnacle - INFO - [Pinnacle] League 2386 (primeira_liga): 8 matchups
2025-11-16 18:25:49 - scrapers.pinnacle - INFO - [Pinnacle] League 'primeira_liga': requesting markets for 8 parents
2025-11-16 18:25:50 - scrapers.pinnacle - INFO - [Pinnacle] League 'primeira_liga': matchups=8, with_markets=8, emitted=0
2025-11-16 18:25:53 - scrapers.toto - INFO - TOTO: Fetched 18 events for eredivisie
2025-11-16 18:25:56 - scrapers.toto - INFO - TOTO: Fetched 9 events for keuken_kampioen_divisie
2025-11-16 18:26:05 - scrapers.toto - INFO - TOTO: Fetched 26 events for premier_league
2025-11-16 18:26:19 - scrapers.toto - INFO - TOTO: Fetched 43 events for 2_bundesliga
2025-11-16 18:26:20 - scrapers.toto - INFO - TOTO: Fetched 0 events for jupiler_pro_league
2025-11-16 18:26:32 - scrapers.toto - INFO - TOTO: Fetched 36 events for primeira_liga
2025-11-16 18:26:32 - __main__ - INFO - 
💾 Saving raw data...
2025-11-16 18:26:32 - __main__ - INFO - 
====================================================================================================
2025-11-16 18:26:32 - __main__ - INFO - DATA COLLECTION SUMMARY
2025-11-16 18:26:32 - __main__ - INFO - ====================================================================================================
2025-11-16 18:26:32 - __main__ - INFO - Pinnacle: 0 events
2025-11-16 18:26:32 - __main__ - INFO - Jack's:   121 events
2025-11-16 18:26:32 - __main__ - INFO - TOTO:     132 events
2025-11-16 18:26:32 - __main__ - INFO - Duration: 44.5 seconds
2025-11-16 18:26:32 - __main__ - ERROR - 
❌ No Pinnacle events available - cannot calculate value bets (need anchor)
