2025-11-10 17:30:42 - root - INFO - Logging initialized - Session: valuebet_20251110_173042
2025-11-10 17:30:42 - root - INFO - Main log: logs\valuebet_20251110_173042.log
2025-11-10 17:30:42 - root - INFO - Edge tracking log: logs\edge_tracking_20251110_173042.log
2025-11-10 17:30:42 - __main__ - INFO - ====================================================================================================
2025-11-10 17:30:42 - __main__ - INFO - VALUE BETTING SYSTEM - Production Version
2025-11-10 17:30:42 - __main__ - INFO - ====================================================================================================
2025-11-10 17:30:42 - __main__ - INFO - Scraping 11 leagues: eredivisie, keuken_kampioen_divisie, premier_league, championship, bundesliga, 2_bundesliga, la_liga, serie_a, ligue_1, jupiler_pro_league, primeira_liga
2025-11-10 17:30:42 - __main__ - INFO - Minimum edge threshold: 2.5%
2025-11-10 17:30:42 - __main__ - INFO - Bankroll: €1000.0
2025-11-10 17:30:42 - __main__ - INFO - 
📊 Starting data collection from providers...
2025-11-10 17:30:42 - __main__ - WARNING - ⚠️  Pinnacle API appears to be offline or blocked
2025-11-10 17:30:42 - __main__ - ERROR - Pinnacle - eredivisie: 'PinnacleScraper' object has no attribute 'fetch_league_events'
2025-11-10 17:30:42 - __main__ - ERROR - Pinnacle - keuken_kampioen_divisie: 'PinnacleScraper' object has no attribute 'fetch_league_events'
2025-11-10 17:30:42 - __main__ - ERROR - Pinnacle - premier_league: 'PinnacleScraper' object has no attribute 'fetch_league_events'
2025-11-10 17:30:42 - __main__ - ERROR - Pinnacle - championship: 'PinnacleScraper' object has no attribute 'fetch_league_events'
2025-11-10 17:30:42 - __main__ - ERROR - Pinnacle - bundesliga: 'PinnacleScraper' object has no attribute 'fetch_league_events'
2025-11-10 17:30:42 - __main__ - ERROR - Pinnacle - 2_bundesliga: 'PinnacleScraper' object has no attribute 'fetch_league_events'
2025-11-10 17:30:42 - __main__ - ERROR - Pinnacle - la_liga: 'PinnacleScraper' object has no attribute 'fetch_league_events'
2025-11-10 17:30:42 - __main__ - ERROR - Pinnacle - serie_a: 'PinnacleScraper' object has no attribute 'fetch_league_events'
2025-11-10 17:30:42 - __main__ - ERROR - Pinnacle - ligue_1: 'PinnacleScraper' object has no attribute 'fetch_league_events'
2025-11-10 17:30:42 - __main__ - ERROR - Pinnacle - jupiler_pro_league: 'PinnacleScraper' object has no attribute 'fetch_league_events'
2025-11-10 17:30:42 - __main__ - ERROR - Pinnacle - primeira_liga: 'PinnacleScraper' object has no attribute 'fetch_league_events'
2025-11-10 17:30:43 - scrapers.jacks - INFO - Jacks: Fetched 0 events for eredivisie
2025-11-10 17:30:43 - scrapers.jacks - INFO - Jacks: Fetched 1 events for keuken_kampioen_divisie
2025-11-10 17:30:43 - scrapers.jacks - INFO - Jacks: Fetched 20 events for premier_league
2025-11-10 17:30:43 - scrapers.jacks - INFO - Jacks: Fetched 18 events for bundesliga
2025-11-10 17:30:44 - scrapers.jacks - INFO - Jacks: Fetched 10 events for la_liga
2025-11-10 17:30:44 - scrapers.jacks - INFO - Jacks: Fetched 19 events for serie_a
2025-11-10 17:30:44 - scrapers.jacks - INFO - Jacks: Fetched 9 events for ligue_1
2025-11-10 17:30:44 - scrapers.jacks - INFO - Jacks: Fetched 0 events for jupiler_pro_league
2025-11-10 17:30:44 - scrapers.jacks - INFO - Jacks: Fetched 0 events for primeira_liga
2025-11-10 17:30:49 - scrapers.toto - INFO - TOTO: Fetched 18 events for eredivisie
2025-11-10 17:30:49 - scrapers.toto - INFO - TOTO: Fetched 2 events for keuken_kampioen_divisie
2025-11-10 17:30:54 - scrapers.toto - INFO - TOTO: Fetched 10 events for premier_league
2025-11-10 17:31:04 - scrapers.toto - INFO - TOTO: Fetched 35 events for 2_bundesliga
2025-11-10 17:31:05 - scrapers.toto - INFO - TOTO: Fetched 0 events for jupiler_pro_league
2025-11-10 17:31:13 - scrapers.toto - INFO - TOTO: Fetched 28 events for primeira_liga
2025-11-10 17:31:13 - __main__ - INFO - 
💾 Saving raw data...
2025-11-10 17:31:13 - __main__ - INFO - 
====================================================================================================
2025-11-10 17:31:13 - __main__ - INFO - DATA COLLECTION SUMMARY
2025-11-10 17:31:13 - __main__ - INFO - ====================================================================================================
2025-11-10 17:31:13 - __main__ - INFO - Pinnacle: 0 events
2025-11-10 17:31:13 - __main__ - INFO - Jack's:   77 events
2025-11-10 17:31:13 - __main__ - INFO - TOTO:     93 events
2025-11-10 17:31:13 - __main__ - INFO - Duration: 31.8 seconds
2025-11-10 17:31:13 - __main__ - ERROR - 
❌ No Pinnacle events available - cannot calculate value bets (need anchor)
