2025-11-10 20:29:05 - root - INFO - Logging initialized - Session: valuebet_20251110_202905
2025-11-10 20:29:05 - root - INFO - Main log: logs\valuebet_20251110_202905.log
2025-11-10 20:29:05 - root - INFO - Edge tracking log: logs\edge_tracking_20251110_202905.log
2025-11-10 20:29:05 - __main__ - INFO - ====================================================================================================
2025-11-10 20:29:05 - __main__ - INFO - VALUE BETTING SYSTEM - Production Version
2025-11-10 20:29:05 - __main__ - INFO - ====================================================================================================
2025-11-10 20:29:05 - __main__ - INFO - Scraping 11 leagues: eredivisie, keuken_kampioen_divisie, premier_league, championship, bundesliga, 2_bundesliga, la_liga, serie_a, ligue_1, jupiler_pro_league, primeira_liga
2025-11-10 20:29:05 - __main__ - INFO - Minimum edge threshold: 2.5%
2025-11-10 20:29:05 - __main__ - INFO - Bankroll: €1000.0
2025-11-10 20:29:05 - __main__ - INFO - 
📊 Starting data collection from providers...
2025-11-10 20:29:05 - scrapers.pinnacle - INFO - [Pinnacle] test_connection -> True
2025-11-10 20:29:05 - scrapers.pinnacle - INFO - [Pinnacle] Fetching league 'eredivisie' (id=1928)
2025-11-10 20:29:05 - scrapers.pinnacle - INFO - [Pinnacle] _fetch_league_matchups(1928) -> 9 items
2025-11-10 20:29:05 - scrapers.pinnacle - INFO - [Pinnacle] League 'eredivisie': requesting markets for 9 parents
2025-11-10 20:29:05 - scrapers.jacks - INFO - Jacks: Fetched 0 events for eredivisie
2025-11-10 20:29:06 - scrapers.jacks - INFO - Jacks: Fetched 1 events for keuken_kampioen_divisie
2025-11-10 20:29:06 - scrapers.pinnacle - INFO - [Pinnacle] League 'eredivisie': matchups=9, with_markets=9, emitted=0
2025-11-10 20:29:06 - scrapers.pinnacle - INFO - [Pinnacle] Fetching league 'keuken_kampioen_divisie' (id=1929)
2025-11-10 20:29:06 - scrapers.jacks - INFO - Jacks: Fetched 20 events for premier_league
2025-11-10 20:29:06 - scrapers.pinnacle - INFO - [Pinnacle] _fetch_league_matchups(1929) -> 2 items
2025-11-10 20:29:06 - scrapers.pinnacle - INFO - [Pinnacle] League 'keuken_kampioen_divisie': requesting markets for 2 parents
2025-11-10 20:29:06 - scrapers.pinnacle - INFO - [Pinnacle] League 'keuken_kampioen_divisie': matchups=2, with_markets=2, emitted=0
2025-11-10 20:29:06 - scrapers.pinnacle - WARNING - [Pinnacle] No Arcadia ID for premier_league
2025-11-10 20:29:06 - scrapers.pinnacle - WARNING - [Pinnacle] No Arcadia ID for championship
2025-11-10 20:29:06 - scrapers.pinnacle - WARNING - [Pinnacle] No Arcadia ID for bundesliga
2025-11-10 20:29:06 - scrapers.pinnacle - WARNING - [Pinnacle] No Arcadia ID for 2_bundesliga
2025-11-10 20:29:06 - scrapers.pinnacle - WARNING - [Pinnacle] No Arcadia ID for la_liga
2025-11-10 20:29:06 - scrapers.pinnacle - WARNING - [Pinnacle] No Arcadia ID for serie_a
2025-11-10 20:29:06 - scrapers.pinnacle - WARNING - [Pinnacle] No Arcadia ID for ligue_1
2025-11-10 20:29:06 - scrapers.pinnacle - WARNING - [Pinnacle] No Arcadia ID for jupiler_pro_league
2025-11-10 20:29:06 - scrapers.pinnacle - WARNING - [Pinnacle] No Arcadia ID for primeira_liga
2025-11-10 20:29:06 - scrapers.jacks - INFO - Jacks: Fetched 18 events for bundesliga
2025-11-10 20:29:06 - scrapers.jacks - INFO - Jacks: Fetched 10 events for la_liga
2025-11-10 20:29:06 - scrapers.jacks - INFO - Jacks: Fetched 19 events for serie_a
2025-11-10 20:29:06 - scrapers.jacks - INFO - Jacks: Fetched 9 events for ligue_1
2025-11-10 20:29:06 - scrapers.jacks - INFO - Jacks: Fetched 0 events for jupiler_pro_league
2025-11-10 20:29:06 - scrapers.jacks - INFO - Jacks: Fetched 0 events for primeira_liga
2025-11-10 20:29:10 - scrapers.toto - INFO - TOTO: Fetched 18 events for eredivisie
2025-11-10 20:29:11 - scrapers.toto - INFO - TOTO: Fetched 2 events for keuken_kampioen_divisie
2025-11-10 20:29:19 - scrapers.toto - INFO - TOTO: Fetched 20 events for premier_league
2025-11-10 20:29:29 - scrapers.toto - INFO - TOTO: Fetched 35 events for 2_bundesliga
2025-11-10 20:29:29 - scrapers.toto - INFO - TOTO: Fetched 0 events for jupiler_pro_league
2025-11-10 20:29:37 - scrapers.toto - INFO - TOTO: Fetched 27 events for primeira_liga
2025-11-10 20:29:37 - __main__ - INFO - 
💾 Saving raw data...
2025-11-10 20:29:37 - __main__ - INFO - 
====================================================================================================
2025-11-10 20:29:37 - __main__ - INFO - DATA COLLECTION SUMMARY
2025-11-10 20:29:37 - __main__ - INFO - ====================================================================================================
2025-11-10 20:29:37 - __main__ - INFO - Pinnacle: 0 events
2025-11-10 20:29:37 - __main__ - INFO - Jack's:   77 events
2025-11-10 20:29:37 - __main__ - INFO - TOTO:     102 events
2025-11-10 20:29:37 - __main__ - INFO - Duration: 32.5 seconds
2025-11-10 20:29:37 - __main__ - ERROR - 
❌ No Pinnacle events available - cannot calculate value bets (need anchor)
